{"/Users/beggers/code/beneggers.com/src/chordexplorer.js": {"path":"/Users/beggers/code/beneggers.com/src/chordexplorer.js","statementMap":{"0":{"start":{"line":5,"column":22},"end":{"line":18,"column":1}},"1":{"start":{"line":6,"column":17},"end":{"line":6,"column":18}},"2":{"start":{"line":7,"column":2},"end":{"line":11,"column":3}},"3":{"start":{"line":7,"column":15},"end":{"line":7,"column":16}},"4":{"start":{"line":8,"column":4},"end":{"line":10,"column":5}},"5":{"start":{"line":9,"column":6},"end":{"line":9,"column":16}},"6":{"start":{"line":12,"column":2},"end":{"line":16,"column":3}},"7":{"start":{"line":12,"column":15},"end":{"line":12,"column":16}},"8":{"start":{"line":13,"column":4},"end":{"line":15,"column":5}},"9":{"start":{"line":14,"column":6},"end":{"line":14,"column":16}},"10":{"start":{"line":17,"column":2},"end":{"line":17,"column":17}},"11":{"start":{"line":22,"column":4},"end":{"line":22,"column":32}},"12":{"start":{"line":23,"column":4},"end":{"line":23,"column":22}},"13":{"start":{"line":24,"column":4},"end":{"line":24,"column":24}},"14":{"start":{"line":25,"column":4},"end":{"line":25,"column":26}},"15":{"start":{"line":26,"column":4},"end":{"line":26,"column":28}},"16":{"start":{"line":30,"column":20},"end":{"line":30,"column":22}},"17":{"start":{"line":31,"column":4},"end":{"line":41,"column":5}},"18":{"start":{"line":31,"column":17},"end":{"line":31,"column":18}},"19":{"start":{"line":32,"column":6},"end":{"line":40,"column":7}},"20":{"start":{"line":32,"column":19},"end":{"line":32,"column":20}},"21":{"start":{"line":33,"column":8},"end":{"line":39,"column":9}},"22":{"start":{"line":33,"column":21},"end":{"line":33,"column":22}},"23":{"start":{"line":34,"column":24},"end":{"line":34,"column":71}},"24":{"start":{"line":35,"column":10},"end":{"line":38,"column":11}},"25":{"start":{"line":35,"column":23},"end":{"line":35,"column":24}},"26":{"start":{"line":36,"column":28},"end":{"line":36,"column":41}},"27":{"start":{"line":37,"column":12},"end":{"line":37,"column":50}},"28":{"start":{"line":45,"column":20},"end":{"line":45,"column":22}},"29":{"start":{"line":46,"column":4},"end":{"line":50,"column":5}},"30":{"start":{"line":46,"column":17},"end":{"line":46,"column":18}},"31":{"start":{"line":47,"column":6},"end":{"line":49,"column":7}},"32":{"start":{"line":48,"column":8},"end":{"line":48,"column":41}},"33":{"start":{"line":51,"column":4},"end":{"line":51,"column":66}},"34":{"start":{"line":57,"column":23},"end":{"line":62,"column":5}},"35":{"start":{"line":63,"column":18},"end":{"line":63,"column":83}},"36":{"start":{"line":64,"column":26},"end":{"line":64,"column":36}},"37":{"start":{"line":65,"column":20},"end":{"line":65,"column":29}},"38":{"start":{"line":66,"column":4},"end":{"line":66,"column":55}}},"fnMap":{"0":{"name":"(anonymous_0)","decl":{"start":{"line":5,"column":22},"end":{"line":5,"column":23}},"loc":{"start":{"line":5,"column":32},"end":{"line":18,"column":1}},"line":5},"1":{"name":"(anonymous_1)","decl":{"start":{"line":21,"column":2},"end":{"line":21,"column":3}},"loc":{"start":{"line":21,"column":60},"end":{"line":42,"column":3}},"line":21},"2":{"name":"(anonymous_2)","decl":{"start":{"line":44,"column":2},"end":{"line":44,"column":3}},"loc":{"start":{"line":44,"column":19},"end":{"line":52,"column":3}},"line":44},"3":{"name":"(anonymous_3)","decl":{"start":{"line":56,"column":2},"end":{"line":56,"column":3}},"loc":{"start":{"line":56,"column":16},"end":{"line":67,"column":3}},"line":56}},"branchMap":{"0":{"loc":{"start":{"line":8,"column":4},"end":{"line":10,"column":5}},"type":"if","locations":[{"start":{"line":8,"column":4},"end":{"line":10,"column":5}},{"start":{},"end":{}}],"line":8},"1":{"loc":{"start":{"line":13,"column":4},"end":{"line":15,"column":5}},"type":"if","locations":[{"start":{"line":13,"column":4},"end":{"line":15,"column":5}},{"start":{},"end":{}}],"line":13},"2":{"loc":{"start":{"line":47,"column":6},"end":{"line":49,"column":7}},"type":"if","locations":[{"start":{"line":47,"column":6},"end":{"line":49,"column":7}},{"start":{},"end":{}}],"line":47}},"s":{"0":1,"1":1,"2":1,"3":1,"4":3,"5":0,"6":1,"7":1,"8":3,"9":0,"10":1,"11":0,"12":0,"13":0,"14":0,"15":0,"16":0,"17":0,"18":0,"19":0,"20":0,"21":0,"22":0,"23":0,"24":0,"25":0,"26":0,"27":0,"28":0,"29":0,"30":0,"31":0,"32":0,"33":0,"34":0,"35":0,"36":0,"37":0,"38":0},"f":{"0":1,"1":0,"2":0,"3":0},"b":{"0":[0,3],"1":[0,3],"2":[0,0]},"_coverageSchema":"1a1c01bbd47fc00a2c39e90264f33305004495a9","hash":"4ad962be347b30e4a1650827f26ffc8de1638240"}
}
