TN:
SF:src/chordexplorer.js
FN:5,(anonymous_0)
FN:21,(anonymous_1)
FN:44,(anonymous_2)
FN:56,(anonymous_3)
FNF:4
FNH:1
FNDA:1,(anonymous_0)
FNDA:0,(anonymous_1)
FNDA:0,(anonymous_2)
FNDA:0,(anonymous_3)
DA:5,1
DA:6,1
DA:7,1
DA:8,3
DA:9,0
DA:12,1
DA:13,3
DA:14,0
DA:17,1
DA:22,0
DA:23,0
DA:24,0
DA:25,0
DA:26,0
DA:30,0
DA:31,0
DA:32,0
DA:33,0
DA:34,0
DA:35,0
DA:36,0
DA:37,0
DA:45,0
DA:46,0
DA:47,0
DA:48,0
DA:51,0
DA:57,0
DA:63,0
DA:64,0
DA:65,0
DA:66,0
LF:32
LH:7
BRDA:8,0,0,0
BRDA:8,0,1,3
BRDA:13,1,0,0
BRDA:13,1,1,3
BRDA:47,2,0,0
BRDA:47,2,1,0
BRF:6
BRH:2
end_of_record
